<?xml version="1.0" encoding="UTF-8"?>
<!-- Generated by org.testng.reporters.JUnitReportReporter -->
<testsuite hostname="DAC37" failures="0" tests="1" name="com.testng.NewTest2" time="5.072" errors="0" timestamp="2024-12-24T15:04:09 IST" skipped="0">
  <testcase classname="com.testng.NewTest2" name="f" time="5.072"/>
  <system-out/>
</testsuite> <!-- com.testng.NewTest2 -->
