<?xml version="1.0" encoding="UTF-8"?>
<!-- Generated by org.testng.reporters.JUnitReportReporter -->
<testsuite hostname="DAC37" failures="0" tests="1" name="com.testng.Login" time="4.201" errors="0" timestamp="2024-12-24T15:40:24 IST" skipped="0">
  <testcase classname="com.testng.Login" name="f" time="4.201"/>
  <system-out/>
</testsuite> <!-- com.testng.Login -->
